<?xml version="1.0" encoding="UTF-8"?>
<Site BuildName="Darwin-clang++"
	BuildStamp="20230526-1640-Experimental"
	Name="MacBook-Pro-mak.local"
	Generator="ctest-3.26.3"
	CompilerName="/usr/bin/clang++"
	CompilerVersion="14.0.3.14030022"
	OSName="macOS"
	Hostname="MacBook-Pro-mak.local"
	OSRelease="13.3.1"
	OSVersion="22E772610a"
	OSPlatform="x86_64"
	Is64Bits="1"
	VendorString="GenuineIntel"
	VendorID="Intel Corporation"
	FamilyID="6"
	ModelID="158"
	ProcessorCacheSize="32768"
	NumberOfLogicalCPU="8"
	NumberOfPhysicalCPU="4"
	TotalVirtualMemory="2048"
	TotalPhysicalMemory="16384"
	LogicalProcessorsPerPhysical="8"
	ProcessorClockFrequency="2800"
	>
	<Testing>
		<StartDateTime>May 26 19:40 MSK</StartDateTime>
		<StartTestTime>1685119245</StartTestTime>
		<TestList/>
		<EndDateTime>May 26 19:40 MSK</EndDateTime>
		<EndTestTime>1685119245</EndTestTime>
		<ElapsedMinutes>0</ElapsedMinutes>
	</Testing>
</Site>
